<?xml version="1.0" encoding="UTF-8"?>
<!-- Generated by org.testng.reporters.JUnitXMLReporter -->
<testsuite ignored="0" hostname="WELCOME-PC" failures="0" tests="12" name="Surefire test" time="27.35" errors="0" timestamp="2025-07-25T13:44:19 IST">
  <testcase classname="CreateBookingApiTests" name="createAndvalidateStatusCode" time="5.237"/>
  <testcase classname="CreateBookingApiTests" name="createAndvalidateStatusCode" time="1.213"/>
  <testcase classname="CreateBookingApiTests" name="createAndvalidateStatusCode" time="1.501"/>
  <testcase classname="CreateBookingApiTests" name="createAndvalidateStatusCode" time="1.182"/>
  <testcase classname="CreateBookingApiTests" name="createAndvalidateStatusCode" time="1.224"/>
  <testcase classname="CRUDTests" name="curdTest" time="5.976"/>
  <testcase classname="CRUDTests" name="curdTest" time="6.047"/>
  <testcase classname="DeleteBookingApiTests" name="deleteBookingTest" time="2.63"/>
  <testcase classname="GetBookingApiTests" name="validateStatuCodeForGetBookingByIdApi" time="1.178"/>
  <testcase classname="GetBookingApiTests" name="validateStatuCodeForGetBookingIdApi" time="1.449"/>
  <testcase classname="UpdateBookingApiTests" name="updateAndvalidateStatusCode" time="3.508"/>
  <testcase classname="UpdateBookingApiTests" name="updateAndvalidateStatusCode" time="4.493"/>
</testsuite> <!-- Surefire test -->
