<?xml version="1.0" encoding="UTF-8"?>
<testsuite xmlns:xsi="http://www.w3.org/2001/XMLSchema-instance" xsi:noNamespaceSchemaLocation="https://maven.apache.org/surefire/maven-surefire-plugin/xsd/surefire-test-report-3.0.xsd" version="3.0" name="TestSuite" time="28.307" tests="12" errors="0" skipped="0" failures="0">
  <properties>
[...]
</properties>
  <testcase name="createAndvalidateStatusCode[Krystle, Labadie, true, Fish and Chips, 377, 2025-08-04, 2025-08-08](1)" classname="CreateBookingApiTests" time="5.309">
    <system-out><![CDATA[Request method:	POST
Request URI:	https://restful-booker.herokuapp.com/booking
Proxy:			<none>
Request params:	<none>
Query params:	<none>
Form params:	<none>
Path params:	<none>
Headers:		Accept=*/*
				Content-Type=application/json
Cookies:		<none>
Multiparts:		<none>
Body:
{
    "firstname": "Krystle",
    "additionalneeds": "Fish and Chips",
    "bookingdates": {
        "checkin": "2025-08-04",
        "checkout": "2025-08-08"
    },
    "totalprice": 377,
    "depositpaid": true,
    "lastname": "Labadie"
}
HTTP/1.1 200 OK
Content-Length: 208
Content-Type: application/json; charset=utf-8
Date: Fri, 25 Jul 2025 08:14:02 GMT
Etag: W/"d0-SxHVLqVVO5urZ/8wiPe/sqZ7BJY"
Nel: {"report_to":"heroku-nel","response_headers":["Via"],"max_age":3600,"success_fraction":0.01,"failure_fraction":0.1}
Report-To: {"group":"heroku-nel","endpoints":[{"url":"https://nel.heroku.com/reports?s=XhXs1It%2B1QVTH2YMXWzvL1P4tZDEcTnZCxv4YR%2Fwzwc%3D\u0026sid=c46efe9b-d3d2-4a0c-8c76-bfafa16c5add\u0026ts=1753431242"}],"max_age":3600}
Reporting-Endpoints: heroku-nel="https://nel.heroku.com/reports?s=XhXs1It%2B1QVTH2YMXWzvL1P4tZDEcTnZCxv4YR%2Fwzwc%3D&sid=c46efe9b-d3d2-4a0c-8c76-bfafa16c5add&ts=1753431242"
Server: Heroku
Via: 1.1 heroku-router
X-Powered-By: Express

{
    "bookingid": 1669,
    "booking": {
        "firstname": "Krystle",
        "lastname": "Labadie",
        "totalprice": 377,
        "depositpaid": true,
        "bookingdates": {
            "checkin": "2025-08-04",
            "checkout": "2025-08-08"
        },
        "additionalneeds": "Fish and Chips"
    }
}
]]></system-out>
    <system-err><![CDATA[SLF4J: Failed to load class "org.slf4j.impl.StaticLoggerBinder".
SLF4J: Defaulting to no-operation (NOP) logger implementation
SLF4J: See http://www.slf4j.org/codes.html#StaticLoggerBinder for further details.
]]></system-err>
  </testcase>
  <testcase name="createAndvalidateStatusCode[Gil, Kohler, true, Pasta and Beans, 293, 2025-08-04, 2025-08-08](2)" classname="CreateBookingApiTests" time="1.24">
    <system-out><![CDATA[Request method:	POST
Request URI:	https://restful-booker.herokuapp.com/booking
Proxy:			<none>
Request params:	<none>
Query params:	<none>
Form params:	<none>
Path params:	<none>
Headers:		Accept=*/*
				Content-Type=application/json
Cookies:		<none>
Multiparts:		<none>
Body:
{
    "firstname": "Gil",
    "additionalneeds": "Pasta and Beans",
    "bookingdates": {
        "checkin": "2025-08-04",
        "checkout": "2025-08-08"
    },
    "totalprice": 293,
    "depositpaid": true,
    "lastname": "Kohler"
}
HTTP/1.1 200 OK
Content-Length: 204
Content-Type: application/json; charset=utf-8
Date: Fri, 25 Jul 2025 08:14:04 GMT
Etag: W/"cc-tYPIYdYEganfiB+iK6+tN6mg0hk"
Nel: {"report_to":"heroku-nel","response_headers":["Via"],"max_age":3600,"success_fraction":0.01,"failure_fraction":0.1}
Report-To: {"group":"heroku-nel","endpoints":[{"url":"https://nel.heroku.com/reports?s=pxG79u9oGwp71mZbI9do7VHyZu6xaxCYS18kgOrDObw%3D\u0026sid=c46efe9b-d3d2-4a0c-8c76-bfafa16c5add\u0026ts=1753431244"}],"max_age":3600}
Reporting-Endpoints: heroku-nel="https://nel.heroku.com/reports?s=pxG79u9oGwp71mZbI9do7VHyZu6xaxCYS18kgOrDObw%3D&sid=c46efe9b-d3d2-4a0c-8c76-bfafa16c5add&ts=1753431244"
Server: Heroku
Via: 1.1 heroku-router
X-Powered-By: Express

{
    "bookingid": 1687,
    "booking": {
        "firstname": "Gil",
        "lastname": "Kohler",
        "totalprice": 293,
        "depositpaid": true,
        "bookingdates": {
            "checkin": "2025-08-04",
            "checkout": "2025-08-08"
        },
        "additionalneeds": "Pasta and Beans"
    }
}
]]></system-out>
  </testcase>
  <testcase name="createAndvalidateStatusCode[Juanita, Ortiz, false, Kebab, 343, 2025-08-04, 2025-08-08](3)" classname="CreateBookingApiTests" time="1.532">
    <system-out><![CDATA[Request method:	POST
Request URI:	https://restful-booker.herokuapp.com/booking
Proxy:			<none>
Request params:	<none>
Query params:	<none>
Form params:	<none>
Path params:	<none>
Headers:		Accept=*/*
				Content-Type=application/json
Cookies:		<none>
Multiparts:		<none>
Body:
{
    "firstname": "Juanita",
    "additionalneeds": "Kebab",
    "bookingdates": {
        "checkin": "2025-08-04",
        "checkout": "2025-08-08"
    },
    "totalprice": 343,
    "depositpaid": false,
    "lastname": "Ortiz"
}
HTTP/1.1 200 OK
Content-Length: 198
Content-Type: application/json; charset=utf-8
Date: Fri, 25 Jul 2025 08:14:05 GMT
Etag: W/"c6-6idJqFjdvvVG8TDG4tNxEISKyaA"
Nel: {"report_to":"heroku-nel","response_headers":["Via"],"max_age":3600,"success_fraction":0.01,"failure_fraction":0.1}
Report-To: {"group":"heroku-nel","endpoints":[{"url":"https://nel.heroku.com/reports?s=pEzFOOWMpupwUyg9t19IQmG4Uj7jgiqazU7y6p1ZZnA%3D\u0026sid=c46efe9b-d3d2-4a0c-8c76-bfafa16c5add\u0026ts=1753431245"}],"max_age":3600}
Reporting-Endpoints: heroku-nel="https://nel.heroku.com/reports?s=pEzFOOWMpupwUyg9t19IQmG4Uj7jgiqazU7y6p1ZZnA%3D&sid=c46efe9b-d3d2-4a0c-8c76-bfafa16c5add&ts=1753431245"
Server: Heroku
Via: 1.1 heroku-router
X-Powered-By: Express

{
    "bookingid": 1702,
    "booking": {
        "firstname": "Juanita",
        "lastname": "Ortiz",
        "totalprice": 343,
        "depositpaid": false,
        "bookingdates": {
            "checkin": "2025-08-04",
            "checkout": "2025-08-08"
        },
        "additionalneeds": "Kebab"
    }
}
]]></system-out>
  </testcase>
  <testcase name="createAndvalidateStatusCode[Grover, Bernhard, false, Caesar Salad, 900, 2025-08-04, 2025-08-08](4)" classname="CreateBookingApiTests" time="1.156">
    <system-out><![CDATA[Request method:	POST
Request URI:	https://restful-booker.herokuapp.com/booking
Proxy:			<none>
Request params:	<none>
Query params:	<none>
Form params:	<none>
Path params:	<none>
Headers:		Accept=*/*
				Content-Type=application/json
Cookies:		<none>
Multiparts:		<none>
Body:
{
    "firstname": "Grover",
    "additionalneeds": "Caesar Salad",
    "bookingdates": {
        "checkin": "2025-08-04",
        "checkout": "2025-08-08"
    },
    "totalprice": 900,
    "depositpaid": false,
    "lastname": "Bernhard"
}
HTTP/1.1 200 OK
Content-Length: 207
Content-Type: application/json; charset=utf-8
Date: Fri, 25 Jul 2025 08:14:07 GMT
Etag: W/"cf-Gi2N/AnQ9kVbZj5oRadnfQs32+Q"
Nel: {"report_to":"heroku-nel","response_headers":["Via"],"max_age":3600,"success_fraction":0.01,"failure_fraction":0.1}
Report-To: {"group":"heroku-nel","endpoints":[{"url":"https://nel.heroku.com/reports?s=f1nRNckSjeoQ9aCWOcFdEJhaxNJt5w5O11oFFgJSSps%3D\u0026sid=c46efe9b-d3d2-4a0c-8c76-bfafa16c5add\u0026ts=1753431247"}],"max_age":3600}
Reporting-Endpoints: heroku-nel="https://nel.heroku.com/reports?s=f1nRNckSjeoQ9aCWOcFdEJhaxNJt5w5O11oFFgJSSps%3D&sid=c46efe9b-d3d2-4a0c-8c76-bfafa16c5add&ts=1753431247"
Server: Heroku
Via: 1.1 heroku-router
X-Powered-By: Express

{
    "bookingid": 1715,
    "booking": {
        "firstname": "Grover",
        "lastname": "Bernhard",
        "totalprice": 900,
        "depositpaid": false,
        "bookingdates": {
            "checkin": "2025-08-04",
            "checkout": "2025-08-08"
        },
        "additionalneeds": "Caesar Salad"
    }
}
]]></system-out>
  </testcase>
  <testcase name="createAndvalidateStatusCode[Bernard, Torp, false, Fettuccine Alfredo, 580, 2025-08-04, 2025-08-08](5)" classname="CreateBookingApiTests" time="1.203">
    <system-out><![CDATA[Request method:	POST
Request URI:	https://restful-booker.herokuapp.com/booking
Proxy:			<none>
Request params:	<none>
Query params:	<none>
Form params:	<none>
Path params:	<none>
Headers:		Accept=*/*
				Content-Type=application/json
Cookies:		<none>
Multiparts:		<none>
Body:
{
    "firstname": "Bernard",
    "additionalneeds": "Fettuccine Alfredo",
    "bookingdates": {
        "checkin": "2025-08-04",
        "checkout": "2025-08-08"
    },
    "totalprice": 580,
    "depositpaid": false,
    "lastname": "Torp"
}
HTTP/1.1 200 OK
Content-Length: 210
Content-Type: application/json; charset=utf-8
Date: Fri, 25 Jul 2025 08:14:08 GMT
Etag: W/"d2-DTUr2BEsa1LS5oP+NDVMPlmncCc"
Nel: {"report_to":"heroku-nel","response_headers":["Via"],"max_age":3600,"success_fraction":0.01,"failure_fraction":0.1}
Report-To: {"group":"heroku-nel","endpoints":[{"url":"https://nel.heroku.com/reports?s=f%2BI0Y1VJaVy0ipbMh5S9x19iUEn2lM5Nro0xWk%2BYX%2FA%3D\u0026sid=c46efe9b-d3d2-4a0c-8c76-bfafa16c5add\u0026ts=1753431248"}],"max_age":3600}
Reporting-Endpoints: heroku-nel="https://nel.heroku.com/reports?s=f%2BI0Y1VJaVy0ipbMh5S9x19iUEn2lM5Nro0xWk%2BYX%2FA%3D&sid=c46efe9b-d3d2-4a0c-8c76-bfafa16c5add&ts=1753431248"
Server: Heroku
Via: 1.1 heroku-router
X-Powered-By: Express

{
    "bookingid": 1725,
    "booking": {
        "firstname": "Bernard",
        "lastname": "Torp",
        "totalprice": 580,
        "depositpaid": false,
        "bookingdates": {
            "checkin": "2025-08-04",
            "checkout": "2025-08-08"
        },
        "additionalneeds": "Fettuccine Alfredo"
    }
}
]]></system-out>
  </testcase>
  <testcase name="curdTest[Anne, Runolfsson, false, Ebiten maki, 220, 2025-08-04, 2025-08-08](1)" classname="CRUDTests" time="5.986">
    <system-out><![CDATA[Request method:	POST
Request URI:	https://restful-booker.herokuapp.com/booking
Proxy:			<none>
Request params:	<none>
Query params:	<none>
Form params:	<none>
Path params:	<none>
Headers:		Accept=*/*
				Content-Type=application/json
Cookies:		<none>
Multiparts:		<none>
Body:
{
    "firstname": "Bernie",
    "additionalneeds": "Pappardelle alla Bolognese",
    "bookingdates": {
        "checkin": "2025-08-04",
        "checkout": "2025-08-08"
    },
    "totalprice": 731,
    "depositpaid": true,
    "lastname": "Conroy"
}
Request method:	POST
Request URI:	https://restful-booker.herokuapp.com/booking
Proxy:			<none>
Request params:	<none>
Query params:	<none>
Form params:	<none>
Path params:	<none>
Headers:		Accept=*/*
				Content-Type=application/json
Cookies:		<none>
Multiparts:		<none>
Body:
{
    "firstname": "Anne",
    "additionalneeds": "Ebiten maki",
    "bookingdates": {
        "checkin": "2025-08-04",
        "checkout": "2025-08-08"
    },
    "totalprice": 220,
    "depositpaid": false,
    "lastname": "Runolfsson"
}
HTTP/1.1 200 OK
Content-Length: 218
Content-Type: application/json; charset=utf-8
Date: Fri, 25 Jul 2025 08:14:09 GMT
Etag: W/"da-8inmdNY3AnpAONAE6xT8aVDX7sw"
Nel: {"report_to":"heroku-nel","response_headers":["Via"],"max_age":3600,"success_fraction":0.01,"failure_fraction":0.1}
Report-To: {"group":"heroku-nel","endpoints":[{"url":"https://nel.heroku.com/reports?s=KUY6V1YZiQt%2BcFwUCZCvp7g3%2F9SDF41DL2W%2FK8obqS8%3D\u0026sid=c46efe9b-d3d2-4a0c-8c76-bfafa16c5add\u0026ts=1753431249"}],"max_age":3600}
Reporting-Endpoints: heroku-nel="https://nel.heroku.com/reports?s=KUY6V1YZiQt%2BcFwUCZCvp7g3%2F9SDF41DL2W%2FK8obqS8%3D&sid=c46efe9b-d3d2-4a0c-8c76-bfafa16c5add&ts=1753431249"
Server: Heroku
Via: 1.1 heroku-router
X-Powered-By: Express

{
    "bookingid": 1736,
    "booking": {
        "firstname": "Bernie",
        "lastname": "Conroy",
        "totalprice": 731,
        "depositpaid": true,
        "bookingdates": {
            "checkin": "2025-08-04",
            "checkout": "2025-08-08"
        },
        "additionalneeds": "Pappardelle alla Bolognese"
    }
}
HTTP/1.1 200 OK
Content-Length: 206
Content-Type: application/json; charset=utf-8
Date: Fri, 25 Jul 2025 08:14:09 GMT
Etag: W/"ce-KmEUDX/Tl405CEtKdEA83TJ+hpA"
Nel: {"report_to":"heroku-nel","response_headers":["Via"],"max_age":3600,"success_fraction":0.01,"failure_fraction":0.1}
Report-To: {"group":"heroku-nel","endpoints":[{"url":"https://nel.heroku.com/reports?s=KUY6V1YZiQt%2BcFwUCZCvp7g3%2F9SDF41DL2W%2FK8obqS8%3D\u0026sid=c46efe9b-d3d2-4a0c-8c76-bfafa16c5add\u0026ts=1753431249"}],"max_age":3600}
Reporting-Endpoints: heroku-nel="https://nel.heroku.com/reports?s=KUY6V1YZiQt%2BcFwUCZCvp7g3%2F9SDF41DL2W%2FK8obqS8%3D&sid=c46efe9b-d3d2-4a0c-8c76-bfafa16c5add&ts=1753431249"
Server: Heroku
Via: 1.1 heroku-router
X-Powered-By: Express

{
    "bookingid": 1737,
    "booking": {
        "firstname": "Anne",
        "lastname": "Runolfsson",
        "totalprice": 220,
        "depositpaid": false,
        "bookingdates": {
            "checkin": "2025-08-04",
            "checkout": "2025-08-08"
        },
        "additionalneeds": "Ebiten maki"
    }
}
Request method:	GET
Request URI:	https://restful-booker.herokuapp.com/booking/1736
Proxy:			<none>
Request params:	<none>
Query params:	<none>
Form params:	<none>
Path params:	bookingId=1736
Headers:		Accept=*/*
Cookies:		<none>
Multiparts:		<none>
Body:			<none>
Request method:	GET
Request URI:	https://restful-booker.herokuapp.com/booking/1737
Proxy:			<none>
Request params:	<none>
Query params:	<none>
Form params:	<none>
Path params:	bookingId=1737
Headers:		Accept=*/*
Cookies:		<none>
Multiparts:		<none>
Body:			<none>
HTTP/1.1 200 OK
Content-Length: 177
Content-Type: application/json; charset=utf-8
Date: Fri, 25 Jul 2025 08:14:10 GMT
Etag: W/"b1-I1M8wU0JSehLwQ+k80HrfzyauKU"
Nel: {"report_to":"heroku-nel","response_headers":["Via"],"max_age":3600,"success_fraction":0.01,"failure_fraction":0.1}
Report-To: {"group":"heroku-nel","endpoints":[{"url":"https://nel.heroku.com/reports?s=ZOgfS4qADuQsZ83qI8w8Oq7QZQrpGCtQr%2BnMschbsFo%3D\u0026sid=c46efe9b-d3d2-4a0c-8c76-bfafa16c5add\u0026ts=1753431250"}],"max_age":3600}
Reporting-Endpoints: heroku-nel="https://nel.heroku.com/reports?s=ZOgfS4qADuQsZ83qI8w8Oq7QZQrpGCtQr%2BnMschbsFo%3D&sid=c46efe9b-d3d2-4a0c-8c76-bfafa16c5add&ts=1753431250"
Server: Heroku
Via: 1.1 heroku-router
X-Powered-By: Express

{
    "firstname": "Anne",
    "lastname": "Runolfsson",
    "totalprice": 220,
    "depositpaid": false,
    "bookingdates": {
        "checkin": "2025-08-04",
        "checkout": "2025-08-08"
    },
    "additionalneeds": "Ebiten maki"
}
HTTP/1.1 200 OK
Content-Length: 189
Content-Type: application/json; charset=utf-8
Date: Fri, 25 Jul 2025 08:14:10 GMT
Etag: W/"bd-5r73d1dQizGw7IYQ/w+tCByfsRc"
Nel: {"report_to":"heroku-nel","response_headers":["Via"],"max_age":3600,"success_fraction":0.01,"failure_fraction":0.1}
Report-To: {"group":"heroku-nel","endpoints":[{"url":"https://nel.heroku.com/reports?s=ZOgfS4qADuQsZ83qI8w8Oq7QZQrpGCtQr%2BnMschbsFo%3D\u0026sid=c46efe9b-d3d2-4a0c-8c76-bfafa16c5add\u0026ts=1753431250"}],"max_age":3600}
Reporting-Endpoints: heroku-nel="https://nel.heroku.com/reports?s=ZOgfS4qADuQsZ83qI8w8Oq7QZQrpGCtQr%2BnMschbsFo%3D&sid=c46efe9b-d3d2-4a0c-8c76-bfafa16c5add&ts=1753431250"
Server: Heroku
Via: 1.1 heroku-router
X-Powered-By: Express

{
    "firstname": "Bernie",
    "lastname": "Conroy",
    "totalprice": 731,
    "depositpaid": true,
    "bookingdates": {
        "checkin": "2025-08-04",
        "checkout": "2025-08-08"
    },
    "additionalneeds": "Pappardelle alla Bolognese"
}
Body:
{
    "firstname": "Bernie",
    "additionalneeds": "Pappardelle alla Bolognese",
    "bookingdates": {
        "checkin": "2025-08-04",
        "checkout": "2025-08-08"
    },
    "totalprice": 324,
    "depositpaid": true,
    "lastname": "Romaguera"
}
Body:
{
    "firstname": "Anne",
    "additionalneeds": "Ebiten maki",
    "bookingdates": {
        "checkin": "2025-08-04",
        "checkout": "2025-08-08"
    },
    "totalprice": 797,
    "depositpaid": true,
    "lastname": "Gulgowski"
}
HTTP/1.1 200 OK
Content-Length: 175
Content-Type: application/json; charset=utf-8
Date: Fri, 25 Jul 2025 08:14:12 GMT
Etag: W/"af-upUB1ZUL1APJyo1FDM+r0jSeT3k"
Nel: {"report_to":"heroku-nel","response_headers":["Via"],"max_age":3600,"success_fraction":0.01,"failure_fraction":0.1}
Report-To: {"group":"heroku-nel","endpoints":[{"url":"https://nel.heroku.com/reports?s=4u0JQJ8WyFbDYTllg380zY4CY8BVvbadXA0BBZMQIWY%3D\u0026sid=c46efe9b-d3d2-4a0c-8c76-bfafa16c5add\u0026ts=1753431252"}],"max_age":3600}
Reporting-Endpoints: heroku-nel="https://nel.heroku.com/reports?s=4u0JQJ8WyFbDYTllg380zY4CY8BVvbadXA0BBZMQIWY%3D&sid=c46efe9b-d3d2-4a0c-8c76-bfafa16c5add&ts=1753431252"
Server: Heroku
Via: 1.1 heroku-router
X-Powered-By: Express

{
    "firstname": "Anne",
    "lastname": "Gulgowski",
    "totalprice": 797,
    "depositpaid": true,
    "bookingdates": {
        "checkin": "2025-08-04",
        "checkout": "2025-08-08"
    },
    "additionalneeds": "Ebiten maki"
}
HTTP/1.1 200 OK
Content-Length: 192
Content-Type: application/json; charset=utf-8
Date: Fri, 25 Jul 2025 08:14:12 GMT
Etag: W/"c0-0tz+MNQJ4WVpohvfwDP35hIPE24"
Nel: {"report_to":"heroku-nel","response_headers":["Via"],"max_age":3600,"success_fraction":0.01,"failure_fraction":0.1}
Report-To: {"group":"heroku-nel","endpoints":[{"url":"https://nel.heroku.com/reports?s=4u0JQJ8WyFbDYTllg380zY4CY8BVvbadXA0BBZMQIWY%3D\u0026sid=c46efe9b-d3d2-4a0c-8c76-bfafa16c5add\u0026ts=1753431252"}],"max_age":3600}
Reporting-Endpoints: heroku-nel="https://nel.heroku.com/reports?s=4u0JQJ8WyFbDYTllg380zY4CY8BVvbadXA0BBZMQIWY%3D&sid=c46efe9b-d3d2-4a0c-8c76-bfafa16c5add&ts=1753431252"
Server: Heroku
Via: 1.1 heroku-router
X-Powered-By: Express

{
    "firstname": "Bernie",
    "lastname": "Romaguera",
    "totalprice": 324,
    "depositpaid": true,
    "bookingdates": {
        "checkin": "2025-08-04",
        "checkout": "2025-08-08"
    },
    "additionalneeds": "Pappardelle alla Bolognese"
}
Request method:	DELETE
Request URI:	https://restful-booker.herokuapp.com/booking/1736
Proxy:			<none>
Request params:	<none>
Query params:	<none>
Form params:	<none>
Path params:	bookingId=1736
Headers:		Authorization=Basic YWRtaW46cGFzc3dvcmQxMjM=
				Accept=*/*
Cookies:		<none>
Multiparts:		<none>
Body:			<none>
Request method:	DELETE
Request URI:	https://restful-booker.herokuapp.com/booking/1737
Proxy:			<none>
Request params:	<none>
Query params:	<none>
Form params:	<none>
Path params:	bookingId=1737
Headers:		Authorization=Basic YWRtaW46cGFzc3dvcmQxMjM=
				Accept=*/*
Cookies:		<none>
Multiparts:		<none>
Body:			<none>
HTTP/1.1 201 Created
Content-Length: 7
Content-Type: text/plain; charset=utf-8
Date: Fri, 25 Jul 2025 08:14:13 GMT
Etag: W/"7-rM9AyJuqT6iOan/xHh+AW+7K/T8"
Nel: {"report_to":"heroku-nel","response_headers":["Via"],"max_age":3600,"success_fraction":0.01,"failure_fraction":0.1}
Report-To: {"group":"heroku-nel","endpoints":[{"url":"https://nel.heroku.com/reports?s=InW1USJapaJMjdyCUEhQC2NJhq835ATPvS4qenYfzYs%3D\u0026sid=c46efe9b-d3d2-4a0c-8c76-bfafa16c5add\u0026ts=1753431253"}],"max_age":3600}
Reporting-Endpoints: heroku-nel="https://nel.heroku.com/reports?s=InW1USJapaJMjdyCUEhQC2NJhq835ATPvS4qenYfzYs%3D&sid=c46efe9b-d3d2-4a0c-8c76-bfafa16c5add&ts=1753431253"
Server: Heroku
Via: 1.1 heroku-router
X-Powered-By: Express

Created
Request method:	GET
Request URI:	https://restful-booker.herokuapp.com/booking/1736
Proxy:			<none>
Request params:	<none>
Query params:	<none>
Form params:	<none>
Path params:	bookingId=1736
Headers:		Accept=*/*
Cookies:		<none>
Multiparts:		<none>
Body:			<none>
HTTP/1.1 201 Created
Content-Length: 7
Content-Type: text/plain; charset=utf-8
Date: Fri, 25 Jul 2025 08:14:13 GMT
Etag: W/"7-rM9AyJuqT6iOan/xHh+AW+7K/T8"
Nel: {"report_to":"heroku-nel","response_headers":["Via"],"max_age":3600,"success_fraction":0.01,"failure_fraction":0.1}
Report-To: {"group":"heroku-nel","endpoints":[{"url":"https://nel.heroku.com/reports?s=InW1USJapaJMjdyCUEhQC2NJhq835ATPvS4qenYfzYs%3D\u0026sid=c46efe9b-d3d2-4a0c-8c76-bfafa16c5add\u0026ts=1753431253"}],"max_age":3600}
Reporting-Endpoints: heroku-nel="https://nel.heroku.com/reports?s=InW1USJapaJMjdyCUEhQC2NJhq835ATPvS4qenYfzYs%3D&sid=c46efe9b-d3d2-4a0c-8c76-bfafa16c5add&ts=1753431253"
Server: Heroku
Via: 1.1 heroku-router
X-Powered-By: Express

Created
Request method:	GET
Request URI:	https://restful-booker.herokuapp.com/booking/1737
Proxy:			<none>
Request params:	<none>
Query params:	<none>
Form params:	<none>
Path params:	bookingId=1737
Headers:		Accept=*/*
Cookies:		<none>
Multiparts:		<none>
Body:			<none>
HTTP/1.1 404 Not Found
Content-Length: 9
Content-Type: text/plain; charset=utf-8
Date: Fri, 25 Jul 2025 08:14:14 GMT
Etag: W/"9-0gXL1ngzMqISxa6S1zx3F4wtLyg"
Nel: {"report_to":"heroku-nel","response_headers":["Via"],"max_age":3600,"success_fraction":0.01,"failure_fraction":0.1}
Report-To: {"group":"heroku-nel","endpoints":[{"url":"https://nel.heroku.com/reports?s=QLKl6au2a9SOkknr21mjbwkHBM59zvNpeuMb3AYLoLA%3D\u0026sid=c46efe9b-d3d2-4a0c-8c76-bfafa16c5add\u0026ts=1753431254"}],"max_age":3600}
Reporting-Endpoints: heroku-nel="https://nel.heroku.com/reports?s=QLKl6au2a9SOkknr21mjbwkHBM59zvNpeuMb3AYLoLA%3D&sid=c46efe9b-d3d2-4a0c-8c76-bfafa16c5add&ts=1753431254"
Server: Heroku
Via: 1.1 heroku-router
X-Powered-By: Express

Not Found
]]></system-out>
  </testcase>
  <testcase name="curdTest[Bernie, Conroy, true, Pappardelle alla Bolognese, 731, 2025-08-04, 2025-08-08](2)" classname="CRUDTests" time="6.05">
    <system-out><![CDATA[HTTP/1.1 404 Not Found
Content-Length: 9
Content-Type: text/plain; charset=utf-8
Date: Fri, 25 Jul 2025 08:14:14 GMT
Etag: W/"9-0gXL1ngzMqISxa6S1zx3F4wtLyg"
Nel: {"report_to":"heroku-nel","response_headers":["Via"],"max_age":3600,"success_fraction":0.01,"failure_fraction":0.1}
Report-To: {"group":"heroku-nel","endpoints":[{"url":"https://nel.heroku.com/reports?s=QLKl6au2a9SOkknr21mjbwkHBM59zvNpeuMb3AYLoLA%3D\u0026sid=c46efe9b-d3d2-4a0c-8c76-bfafa16c5add\u0026ts=1753431254"}],"max_age":3600}
Reporting-Endpoints: heroku-nel="https://nel.heroku.com/reports?s=QLKl6au2a9SOkknr21mjbwkHBM59zvNpeuMb3AYLoLA%3D&sid=c46efe9b-d3d2-4a0c-8c76-bfafa16c5add&ts=1753431254"
Server: Heroku
Via: 1.1 heroku-router
X-Powered-By: Express

Not Found
]]></system-out>
  </testcase>
  <testcase name="deleteBookingTest" classname="DeleteBookingApiTests" time="2.664">
    <system-out><![CDATA[Request method:	POST
Request URI:	https://restful-booker.herokuapp.com/booking
Proxy:			<none>
Request params:	<none>
Query params:	<none>
Form params:	<none>
Path params:	<none>
Headers:		Accept=*/*
				Content-Type=application/json
Cookies:		<none>
Multiparts:		<none>
Body:
{
    "firstname": "zah",
    "additionalneeds": "nothing else",
    "bookingdates": {
        "checkin": "2025-06-01",
        "checkout": "2025-07-01"
    },
    "totalprice": 1010,
    "depositpaid": false,
    "lastname": "ajitesh"
}
HTTP/1.1 200 OK
Content-Length: 204
Content-Type: application/json; charset=utf-8
Date: Fri, 25 Jul 2025 08:14:15 GMT
Etag: W/"cc-l5p8MQ+/M9fyats2qGIhQI/HLDY"
Nel: {"report_to":"heroku-nel","response_headers":["Via"],"max_age":3600,"success_fraction":0.01,"failure_fraction":0.1}
Report-To: {"group":"heroku-nel","endpoints":[{"url":"https://nel.heroku.com/reports?s=XXlVafWX9ytIteTQ7%2F0fq4l7SH2qrAbkwgjwOGxTUdU%3D\u0026sid=c46efe9b-d3d2-4a0c-8c76-bfafa16c5add\u0026ts=1753431255"}],"max_age":3600}
Reporting-Endpoints: heroku-nel="https://nel.heroku.com/reports?s=XXlVafWX9ytIteTQ7%2F0fq4l7SH2qrAbkwgjwOGxTUdU%3D&sid=c46efe9b-d3d2-4a0c-8c76-bfafa16c5add&ts=1753431255"
Server: Heroku
Via: 1.1 heroku-router
X-Powered-By: Express

{
    "bookingid": 1791,
    "booking": {
        "firstname": "zah",
        "lastname": "ajitesh",
        "totalprice": 1010,
        "depositpaid": false,
        "bookingdates": {
            "checkin": "2025-06-01",
            "checkout": "2025-07-01"
        },
        "additionalneeds": "nothing else"
    }
}
Request method:	DELETE
Request URI:	https://restful-booker.herokuapp.com/booking/1791
Proxy:			<none>
Request params:	<none>
Query params:	<none>
Form params:	<none>
Path params:	bookingId=1791
Headers:		Authorization=Basic YWRtaW46cGFzc3dvcmQxMjM=
				Accept=*/*
Cookies:		<none>
Multiparts:		<none>
Body:			<none>
HTTP/1.1 201 Created
Content-Length: 7
Content-Type: text/plain; charset=utf-8
Date: Fri, 25 Jul 2025 08:14:17 GMT
Etag: W/"7-rM9AyJuqT6iOan/xHh+AW+7K/T8"
Nel: {"report_to":"heroku-nel","response_headers":["Via"],"max_age":3600,"success_fraction":0.01,"failure_fraction":0.1}
Report-To: {"group":"heroku-nel","endpoints":[{"url":"https://nel.heroku.com/reports?s=jbERHhlHmJpJHe3sz90PkvJkjjnRIzCXJBicTA3lxdU%3D\u0026sid=c46efe9b-d3d2-4a0c-8c76-bfafa16c5add\u0026ts=1753431257"}],"max_age":3600}
Reporting-Endpoints: heroku-nel="https://nel.heroku.com/reports?s=jbERHhlHmJpJHe3sz90PkvJkjjnRIzCXJBicTA3lxdU%3D&sid=c46efe9b-d3d2-4a0c-8c76-bfafa16c5add&ts=1753431257"
Server: Heroku
Via: 1.1 heroku-router
X-Powered-By: Express

Created
]]></system-out>
  </testcase>
  <testcase name="validateStatuCodeForGetBookingByIdApi" classname="GetBookingApiTests" time="1.177">
    <system-out><![CDATA[Request method:	GET
Request URI:	https://restful-booker.herokuapp.com/booking/802
Proxy:			<none>
Request params:	<none>
Query params:	<none>
Form params:	<none>
Path params:	bookingId=802
Headers:		Accept=*/*
Cookies:		<none>
Multiparts:		<none>
Body:			<none>
HTTP/1.1 200 OK
Content-Length: 171
Content-Type: application/json; charset=utf-8
Date: Fri, 25 Jul 2025 08:14:18 GMT
Etag: W/"ab-MG4aCOdqq15ogV4Uqb+rfjZOkQk"
Nel: {"report_to":"heroku-nel","response_headers":["Via"],"max_age":3600,"success_fraction":0.01,"failure_fraction":0.1}
Report-To: {"group":"heroku-nel","endpoints":[{"url":"https://nel.heroku.com/reports?s=2Ut%2FlEUNbt5GumdIX65i%2F%2FOE6gpSsHSvxAQ10%2BJc8UE%3D\u0026sid=c46efe9b-d3d2-4a0c-8c76-bfafa16c5add\u0026ts=1753431258"}],"max_age":3600}
Reporting-Endpoints: heroku-nel="https://nel.heroku.com/reports?s=2Ut%2FlEUNbt5GumdIX65i%2F%2FOE6gpSsHSvxAQ10%2BJc8UE%3D&sid=c46efe9b-d3d2-4a0c-8c76-bfafa16c5add&ts=1753431258"
Server: Heroku
Via: 1.1 heroku-router
X-Powered-By: Express

{
    "firstname": "Josh",
    "lastname": "Allen",
    "totalprice": 111,
    "depositpaid": true,
    "bookingdates": {
        "checkin": "2018-01-01",
        "checkout": "2019-01-01"
    },
    "additionalneeds": "super bowls"
}
]]></system-out>
  </testcase>
  <testcase name="validateStatuCodeForGetBookingIdApi" classname="GetBookingApiTests" time="1.541">
    <system-out><![CDATA[Request method:	GET
Request URI:	https://restful-booker.herokuapp.com/booking
Proxy:			<none>
Request params:	<none>
Query params:	<none>
Form params:	<none>
Path params:	<none>
Headers:		Accept=*/*
Cookies:		<none>
Multiparts:		<none>
Body:			<none>
HTTP/1.1 200 OK
Content-Length: 23135
Content-Type: application/json; charset=utf-8
Date: Fri, 25 Jul 2025 08:14:19 GMT
Etag: W/"5a5f-/VrdOk9kCEupEWRzpj1n4eU+kyI"
Nel: {"report_to":"heroku-nel","response_headers":["Via"],"max_age":3600,"success_fraction":0.01,"failure_fraction":0.1}
Report-To: {"group":"heroku-nel","endpoints":[{"url":"https://nel.heroku.com/reports?s=%2BghPF2jd%2FF3P0fnpvSNL9EFRDXDrwCziAxgwC3awCYY%3D\u0026sid=c46efe9b-d3d2-4a0c-8c76-bfafa16c5add\u0026ts=1753431259"}],"max_age":3600}
Reporting-Endpoints: heroku-nel="https://nel.heroku.com/reports?s=%2BghPF2jd%2FF3P0fnpvSNL9EFRDXDrwCziAxgwC3awCYY%3D&sid=c46efe9b-d3d2-4a0c-8c76-bfafa16c5add&ts=1753431259"
Server: Heroku
Via: 1.1 heroku-router
X-Powered-By: Express

[
    {
        "bookingid": 1066
    },
    {
        "bookingid": 365
    },
    {
        "bookingid": 241
    },
    {
        "bookingid": 1424
    },
    {
        "bookingid": 336
    },
    {
        "bookingid": 189
    },
    {
        "bookingid": 1143
    },
    {
        "bookingid": 22
    },
    {
        "bookingid": 1239
    },
    {
        "bookingid": 695
    },
    {
        "bookingid": 588
    },
    {
        "bookingid": 476
    },
    {
        "bookingid": 185
    },
    {
        "bookingid": 362
    },
    {
        "bookingid": 860
    },
    {
        "bookingid": 1516
    },
    {
        "bookingid": 1155
    },
    {
        "bookingid": 635
    },
    {
        "bookingid": 481
    },
    {
        "bookingid": 1051
    },
    {
        "bookingid": 720
    },
    {
        "bookingid": 1755
    },
    {
        "bookingid": 907
    },
    {
        "bookingid": 1246
    },
    {
        "bookingid": 1266
    },
    {
        "bookingid": 1069
    },
    {
        "bookingid": 537
    },
    {
        "bookingid": 1515
    },
    {
        "bookingid": 956
    },
    {
        "bookingid": 413
    },
    {
        "bookingid": 1509
    },
    {
        "bookingid": 790
    },
    {
        "bookingid": 149
    },
    {
        "bookingid": 571
    },
    {
        "bookingid": 334
    },
    {
        "bookingid": 314
    },
    {
        "bookingid": 1106
    },
    {
        "bookingid": 1059
    },
    {
        "bookingid": 1705
    },
    {
        "bookingid": 482
    },
    {
        "bookingid": 1625
    },
    {
        "bookingid": 13
    },
    {
        "bookingid": 1057
    },
    {
        "bookingid": 296
    },
    {
        "bookingid": 1716
    },
    {
        "bookingid": 47
    },
    {
        "bookingid": 346
    },
    {
        "bookingid": 423
    },
    {
        "bookingid": 1082
    },
    {
        "bookingid": 1578
    },
    {
        "bookingid": 1483
    },
    {
        "bookingid": 665
    },
    {
        "bookingid": 1094
    },
    {
        "bookingid": 926
    },
    {
        "bookingid": 1205
    },
    {
        "bookingid": 1384
    },
    {
        "bookingid": 692
    },
    {
        "bookingid": 1547
    },
    {
        "bookingid": 891
    },
    {
        "bookingid": 1601
    },
    {
        "bookingid": 1569
    },
    {
        "bookingid": 1333
    },
    {
        "bookingid": 579
    },
    {
        "bookingid": 94
    },
    {
        "bookingid": 870
    },
    {
        "bookingid": 1796
    },
    {
        "bookingid": 1410
    },
    {
        "bookingid": 768
    },
    {
        "bookingid": 260
    },
    {
        "bookingid": 1045
    },
    {
        "bookingid": 908
    },
    {
        "bookingid": 567
    },
    {
        "bookingid": 1412
    },
    {
        "bookingid": 1201
    },
    {
        "bookingid": 490
    },
    {
        "bookingid": 1606
    },
    {
        "bookingid": 262
    },
    {
        "bookingid": 1764
    },
    {
        "bookingid": 1669
    },
    {
        "bookingid": 1166
    },
    {
        "bookingid": 218
    },
    {
        "bookingid": 824
    },
    {
        "bookingid": 442
    },
    {
        "bookingid": 1390
    },
    {
        "bookingid": 1563
    },
    {
        "bookingid": 1010
    },
    {
        "bookingid": 674
    },
    {
        "bookingid": 566
    },
    {
        "bookingid": 842
    },
    {
        "bookingid": 1765
    },
    {
        "bookingid": 267
    },
    {
        "bookingid": 41
    },
    {
        "bookingid": 1391
    },
    {
        "bookingid": 1156
    },
    {
        "bookingid": 1417
    },
    {
        "bookingid": 856
    },
    {
        "bookingid": 275
    },
    {
        "bookingid": 1172
    },
    {
        "bookingid": 499
    },
    {
        "bookingid": 469
    },
    {
        "bookingid": 292
    },
    {
        "bookingid": 348
    },
    {
        "bookingid": 1462
    },
    {
        "bookingid": 1181
    },
    {
        "bookingid": 1415
    },
    {
        "bookingid": 57
    },
    {
        "bookingid": 1639
    },
    {
        "bookingid": 523
    },
    {
        "bookingid": 1535
    },
    {
        "bookingid": 142
    },
    {
        "bookingid": 1602
    },
    {
        "bookingid": 1341
    },
    {
        "bookingid": 1564
    },
    {
        "bookingid": 342
    },
    {
        "bookingid": 1648
    },
    {
        "bookingid": 869
    },
    {
        "bookingid": 1600
    },
    {
        "bookingid": 1311
    },
    {
        "bookingid": 268
    },
    {
        "bookingid": 1676
    },
    {
        "bookingid": 1549
    },
    {
        "bookingid": 357
    },
    {
        "bookingid": 1817
    },
    {
        "bookingid": 1187
    },
    {
        "bookingid": 21
    },
    {
        "bookingid": 1129
    },
    {
        "bookingid": 1597
    },
    {
        "bookingid": 1478
    },
    {
        "bookingid": 1248
    },
    {
        "bookingid": 1363
    },
    {
        "bookingid": 1300
    },
    {
        "bookingid": 667
    },
    {
        "bookingid": 1783
    },
    {
        "bookingid": 1420
    },
    {
        "bookingid": 742
    },
    {
        "bookingid": 1108
    },
    {
        "bookingid": 254
    },
    {
        "bookingid": 1097
    },
    {
        "bookingid": 774
    },
    {
        "bookingid": 9
    },
    {
        "bookingid": 1718
    },
    {
        "bookingid": 556
    },
    {
        "bookingid": 1356
    },
    {
        "bookingid": 92
    },
    {
        "bookingid": 98
    },
    {
        "bookingid": 1386
    },
    {
        "bookingid": 330
    },
    {
        "bookingid": 916
    },
    {
        "bookingid": 1458
    },
    {
        "bookingid": 1632
    },
    {
        "bookingid": 1517
    },
    {
        "bookingid": 140
    },
    {
        "bookingid": 488
    },
    {
        "bookingid": 1229
    },
    {
        "bookingid": 50
    },
    {
        "bookingid": 961
    },
    {
        "bookingid": 462
    },
    {
        "bookingid": 53
    },
    {
        "bookingid": 78
    },
    {
        "bookingid": 1096
    },
    {
        "bookingid": 430
    },
    {
        "bookingid": 279
    },
    {
        "bookingid": 796
    },
    {
        "bookingid": 1789
    },
    {
        "bookingid": 1472
    },
    {
        "bookingid": 458
    },
    {
        "bookingid": 1211
    },
    {
        "bookingid": 765
    },
    {
        "bookingid": 576
    },
    {
        "bookingid": 727
    },
    {
        "bookingid": 1609
    },
    {
        "bookingid": 547
    },
    {
        "bookingid": 128
    },
    {
        "bookingid": 1050
    },
    {
        "bookingid": 985
    },
    {
        "bookingid": 1199
    },
    {
        "bookingid": 1372
    },
    {
        "bookingid": 405
    },
    {
        "bookingid": 936
    },
    {
        "bookingid": 606
    },
    {
        "bookingid": 443
    },
    {
        "bookingid": 1397
    },
    {
        "bookingid": 882
    },
    {
        "bookingid": 1348
    },
    {
        "bookingid": 421
    },
    {
        "bookingid": 776
    },
    {
        "bookingid": 1615
    },
    {
        "bookingid": 992
    },
    {
        "bookingid": 1063
    },
    {
        "bookingid": 679
    },
    {
        "bookingid": 1209
    },
    {
        "bookingid": 1115
    },
    {
        "bookingid": 1071
    },
    {
        "bookingid": 1145
    },
    {
        "bookingid": 946
    },
    {
        "bookingid": 1107
    },
    {
        "bookingid": 91
    },
    {
        "bookingid": 564
    },
    {
        "bookingid": 102
    },
    {
        "bookingid": 429
    },
    {
        "bookingid": 1675
    },
    {
        "bookingid": 356
    },
    {
        "bookingid": 112
    },
    {
        "bookingid": 1824
    },
    {
        "bookingid": 707
    },
    {
        "bookingid": 1568
    },
    {
        "bookingid": 726
    },
    {
        "bookingid": 1607
    },
    {
        "bookingid": 179
    },
    {
        "bookingid": 1752
    },
    {
        "bookingid": 1213
    },
    {
        "bookingid": 71
    },
    {
        "bookingid": 1275
    },
    {
        "bookingid": 997
    },
    {
        "bookingid": 1534
    },
    {
        "bookingid": 553
    },
    {
        "bookingid": 235
    },
    {
        "bookingid": 1670
    },
    {
        "bookingid": 1101
    },
    {
        "bookingid": 533
    },
    {
        "bookingid": 895
    },
    {
        "bookingid": 1354
    },
    {
        "bookingid": 1403
    },
    {
        "bookingid": 917
    },
    {
        "bookingid": 910
    },
    {
        "bookingid": 785
    },
    {
        "bookingid": 1200
    },
    {
        "bookingid": 1425
    },
    {
        "bookingid": 1793
    },
    {
        "bookingid": 814
    },
    {
        "bookingid": 447
    },
    {
        "bookingid": 136
    },
    {
        "bookingid": 208
    },
    {
        "bookingid": 514
    },
    {
        "bookingid": 1049
    },
    {
        "bookingid": 1140
    },
    {
        "bookingid": 1530
    },
    {
        "bookingid": 433
    },
    {
        "bookingid": 915
    },
    {
        "bookingid": 984
    },
    {
        "bookingid": 407
    },
    {
        "bookingid": 427
    },
    {
        "bookingid": 852
    },
    {
        "bookingid": 114
    },
    {
        "bookingid": 687
    },
    {
        "bookingid": 1119
    },
    {
        "bookingid": 1627
    },
    {
        "bookingid": 1121
    },
    {
        "bookingid": 139
    },
    {
        "bookingid": 167
    },
    {
        "bookingid": 156
    },
    {
        "bookingid": 1088
    },
    {
        "bookingid": 1734
    },
    {
        "bookingid": 1270
    },
    {
        "bookingid": 1550
    },
    {
        "bookingid": 1733
    },
    {
        "bookingid": 1634
    },
    {
        "bookingid": 629
    },
    {
        "bookingid": 1445
    },
    {
        "bookingid": 994
    },
    {
        "bookingid": 1000
    },
    {
        "bookingid": 1284
    },
    {
        "bookingid": 1216
    },
    {
        "bookingid": 900
    },
    {
        "bookingid": 1272
    },
    {
        "bookingid": 1295
    },
    {
        "bookingid": 511
    },
    {
        "bookingid": 1242
    },
    {
        "bookingid": 385
    },
    {
        "bookingid": 942
    },
    {
        "bookingid": 1235
    },
    {
        "bookingid": 516
    },
    {
        "bookingid": 1756
    },
    {
        "bookingid": 1150
    },
    {
        "bookingid": 539
    },
    {
        "bookingid": 748
    },
    {
        "bookingid": 969
    },
    {
        "bookingid": 1305
    },
    {
        "bookingid": 1595
    },
    {
        "bookingid": 1781
    },
    {
        "bookingid": 197
    },
    {
        "bookingid": 1382
    },
    {
        "bookingid": 1580
    },
    {
        "bookingid": 232
    },
    {
        "bookingid": 744
    },
    {
        "bookingid": 1681
    },
    {
        "bookingid": 104
    },
    {
        "bookingid": 1380
    },
    {
        "bookingid": 1636
    },
    {
        "bookingid": 1649
    },
    {
        "bookingid": 192
    },
    {
        "bookingid": 96
    },
    {
        "bookingid": 1709
    },
    {
        "bookingid": 1446
    },
    {
        "bookingid": 201
    },
    {
        "bookingid": 954
    },
    {
        "bookingid": 1206
    },
    {
        "bookingid": 591
    },
    {
        "bookingid": 162
    },
    {
        "bookingid": 406
    },
    {
        "bookingid": 585
    },
    {
        "bookingid": 1036
    },
    {
        "bookingid": 1028
    },
    {
        "bookingid": 191
    },
    {
        "bookingid": 1014
    },
    {
        "bookingid": 582
    },
    {
        "bookingid": 166
    },
    {
        "bookingid": 301
    },
    {
        "bookingid": 1823
    },
    {
        "bookingid": 370
    },
    {
        "bookingid": 1699
    },
    {
        "bookingid": 1739
    },
    {
        "bookingid": 689
    },
    {
        "bookingid": 1711
    },
    {
        "bookingid": 671
    },
    {
        "bookingid": 329
    },
    {
        "bookingid": 764
    },
    {
        "bookingid": 1463
    },
    {
        "bookingid": 1376
    },
    {
        "bookingid": 3
    },
    {
        "bookingid": 1152
    },
    {
        "bookingid": 1225
    },
    {
        "bookingid": 32
    },
    {
        "bookingid": 1474
    },
    {
        "bookingid": 1215
    },
    {
        "bookingid": 434
    },
    {
        "bookingid": 959
    },
    {
        "bookingid": 595
    },
    {
        "bookingid": 802
    },
    {
        "bookingid": 1163
    },
    {
        "bookingid": 1776
    },
    {
        "bookingid": 1383
    },
    {
        "bookingid": 363
    },
    {
        "bookingid": 1232
    },
    {
        "bookingid": 1808
    },
    {
        "bookingid": 948
    },
    {
        "bookingid": 998
    },
    {
        "bookingid": 69
    },
    {
        "bookingid": 1196
    },
    {
        "bookingid": 755
    },
    {
        "bookingid": 520
    },
    {
        "bookingid": 1743
    },
    {
        "bookingid": 898
    },
    {
        "bookingid": 1178
    },
    {
        "bookingid": 1253
    },
    {
        "bookingid": 1806
    },
    {
        "bookingid": 1160
    },
    {
        "bookingid": 750
    },
    {
        "bookingid": 486
    },
    {
        "bookingid": 300
    },
    {
        "bookingid": 1528
    },
    {
        "bookingid": 129
    },
    {
        "bookingid": 1730
    },
    {
        "bookingid": 787
    },
    {
        "bookingid": 424
    },
    {
        "bookingid": 526
    },
    {
        "bookingid": 1724
    },
    {
        "bookingid": 1323
    },
    {
        "bookingid": 153
    },
    {
        "bookingid": 1480
    },
    {
        "bookingid": 945
    },
    {
        "bookingid": 438
    },
    {
        "bookingid": 1257
    },
    {
        "bookingid": 861
    },
    {
        "bookingid": 1456
    },
    {
        "bookingid": 1398
    },
    {
        "bookingid": 63
    },
    {
        "bookingid": 565
    },
    {
        "bookingid": 397
    },
    {
        "bookingid": 55
    },
    {
        "bookingid": 1467
    },
    {
        "bookingid": 772
    },
    {
        "bookingid": 450
    },
    {
        "bookingid": 475
    },
    {
        "bookingid": 23
    },
    {
        "bookingid": 1728
    },
    {
        "bookingid": 1577
    },
    {
        "bookingid": 1452
    },
    {
        "bookingid": 538
    },
    {
        "bookingid": 392
    },
    {
        "bookingid": 1753
    },
    {
        "bookingid": 1095
    },
    {
        "bookingid": 1504
    },
    {
        "bookingid": 305
    },
    {
        "bookingid": 1441
    },
    {
        "bookingid": 1762
    },
    {
        "bookingid": 1695
    },
    {
        "bookingid": 879
    },
    {
        "bookingid": 991
    },
    {
        "bookingid": 1289
    },
    {
        "bookingid": 500
    },
    {
        "bookingid": 1772
    },
    {
        "bookingid": 453
    },
    {
        "bookingid": 601
    },
    {
        "bookingid": 400
    },
    {
        "bookingid": 1393
    },
    {
        "bookingid": 222
    },
    {
        "bookingid": 19
    },
    {
        "bookingid": 973
    },
    {
        "bookingid": 1334
    },
    {
        "bookingid": 1414
    },
    {
        "bookingid": 862
    },
    {
        "bookingid": 1712
    },
    {
        "bookingid": 1282
    },
    {
        "bookingid": 760
    },
    {
        "bookingid": 293
    },
    {
        "bookingid": 1241
    },
    {
        "bookingid": 1556
    },
    {
        "bookingid": 735
    },
    {
        "bookingid": 1645
    },
    {
        "bookingid": 1080
    },
    {
        "bookingid": 1566
    },
    {
        "bookingid": 1394
    },
    {
        "bookingid": 1008
    },
    {
        "bookingid": 669
    },
    {
        "bookingid": 1497
    },
    {
        "bookingid": 609
    },
    {
        "bookingid": 849
    },
    {
        "bookingid": 100
    },
    {
        "bookingid": 858
    },
    {
        "bookingid": 211
    },
    {
        "bookingid": 1027
    },
    {
        "bookingid": 64
    },
    {
        "bookingid": 1093
    },
    {
        "bookingid": 148
    },
    {
        "bookingid": 161
    },
    {
        "bookingid": 1387
    },
    {
        "bookingid": 1137
    },
    {
        "bookingid": 358
    },
    {
        "bookingid": 403
    },
    {
        "bookingid": 5
    },
    {
        "bookingid": 1453
    },
    {
        "bookingid": 1540
    },
    {
        "bookingid": 1309
    },
    {
        "bookingid": 982
    },
    {
        "bookingid": 1618
    },
    {
        "bookingid": 451
    },
    {
        "bookingid": 1268
    },
    {
        "bookingid": 412
    },
    {
        "bookingid": 1405
    },
    {
        "bookingid": 411
    },
    {
        "bookingid": 656
    },
    {
        "bookingid": 1278
    },
    {
        "bookingid": 1582
    },
    {
        "bookingid": 1440
    },
    {
        "bookingid": 109
    },
    {
        "bookingid": 627
    },
    {
        "bookingid": 693
    },
    {
        "bookingid": 1301
    },
    {
        "bookingid": 26
    },
    {
        "bookingid": 763
    },
    {
        "bookingid": 387
    },
    {
        "bookingid": 389
    },
    {
        "bookingid": 1226
    },
    {
        "bookingid": 550
    },
    {
        "bookingid": 1034
    },
    {
        "bookingid": 1805
    },
    {
        "bookingid": 1033
    },
    {
        "bookingid": 512
    },
    {
        "bookingid": 31
    },
    {
        "bookingid": 1149
    },
    {
        "bookingid": 686
    },
    {
        "bookingid": 1067
    },
    {
        "bookingid": 1727
    },
    {
        "bookingid": 978
    },
    {
        "bookingid": 131
    },
    {
        "bookingid": 194
    },
    {
        "bookingid": 272
    },
    {
        "bookingid": 1673
    },
    {
        "bookingid": 979
    },
    {
        "bookingid": 1375
    },
    {
        "bookingid": 793
    },
    {
        "bookingid": 391
    },
    {
        "bookingid": 1471
    },
    {
        "bookingid": 1495
    },
    {
        "bookingid": 717
    },
    {
        "bookingid": 1197
    },
    {
        "bookingid": 704
    },
    {
        "bookingid": 263
    },
    {
        "bookingid": 661
    },
    {
        "bookingid": 1004
    },
    {
        "bookingid": 1316
    },
    {
        "bookingid": 505
    },
    {
        "bookingid": 1319
    },
    {
        "bookingid": 673
    },
    {
        "bookingid": 1662
    },
    {
        "bookingid": 1692
    },
    {
        "bookingid": 1786
    },
    {
        "bookingid": 341
    },
    {
        "bookingid": 1621
    },
    {
        "bookingid": 611
    },
    {
        "bookingid": 1457
    },
    {
        "bookingid": 850
    },
    {
        "bookingid": 299
    },
    {
        "bookingid": 1083
    },
    {
        "bookingid": 1759
    },
    {
        "bookingid": 867
    },
    {
        "bookingid": 819
    },
    {
        "bookingid": 1259
    },
    {
        "bookingid": 1421
    },
    {
        "bookingid": 349
    },
    {
        "bookingid": 614
    },
    {
        "bookingid": 125
    },
    {
        "bookingid": 1021
    },
    {
        "bookingid": 8
    },
    {
        "bookingid": 794
    },
    {
        "bookingid": 1251
    },
    {
        "bookingid": 1290
    },
    {
        "bookingid": 504
    },
    {
        "bookingid": 1811
    },
    {
        "bookingid": 1799
    },
    {
        "bookingid": 714
    },
    {
        "bookingid": 562
    },
    {
        "bookingid": 930
    },
    {
        "bookingid": 1732
    },
    {
        "bookingid": 1559
    },
    {
        "bookingid": 1766
    },
    {
        "bookingid": 477
    },
    {
        "bookingid": 1506
    },
    {
        "bookingid": 202
    },
    {
        "bookingid": 1146
    },
    {
        "bookingid": 1218
    },
    {
        "bookingid": 1798
    },
    {
        "bookingid": 401
    },
    {
        "bookingid": 709
    },
    {
        "bookingid": 345
    },
    {
        "bookingid": 1444
    },
    {
        "bookingid": 971
    },
    {
        "bookingid": 1122
    },
    {
        "bookingid": 487
    },
    {
        "bookingid": 572
    },
    {
        "bookingid": 1785
    },
    {
        "bookingid": 1651
    },
    {
        "bookingid": 570
    },
    {
        "bookingid": 496
    },
    {
        "bookingid": 1447
    },
    {
        "bookingid": 1087
    },
    {
        "bookingid": 1574
    },
    {
        "bookingid": 1543
    },
    {
        "bookingid": 15
    },
    {
        "bookingid": 1702
    },
    {
        "bookingid": 1064
    },
    {
        "bookingid": 521
    },
    {
        "bookingid": 1450
    },
    {
        "bookingid": 1491
    },
    {
        "bookingid": 274
    },
    {
        "bookingid": 168
    },
    {
        "bookingid": 42
    },
    {
        "bookingid": 80
    },
    {
        "bookingid": 240
    },
    {
        "bookingid": 1210
    },
    {
        "bookingid": 941
    },
    {
        "bookingid": 328
    },
    {
        "bookingid": 245
    },
    {
        "bookingid": 1347
    },
    {
        "bookingid": 1735
    },
    {
        "bookingid": 1531
    },
    {
        "bookingid": 872
    },
    {
        "bookingid": 1608
    },
    {
        "bookingid": 894
    },
    {
        "bookingid": 122
    },
    {
        "bookingid": 753
    },
    {
        "bookingid": 1402
    },
    {
        "bookingid": 17
    },
    {
        "bookingid": 170
    },
    {
        "bookingid": 1002
    },
    {
        "bookingid": 1576
    },
    {
        "bookingid": 1109
    },
    {
        "bookingid": 1738
    },
    {
        "bookingid": 1090
    },
    {
        "bookingid": 1039
    },
    {
        "bookingid": 817
    },
    {
        "bookingid": 1560
    },
    {
        "bookingid": 207
    },
    {
        "bookingid": 1072
    },
    {
        "bookingid": 1313
    },
    {
        "bookingid": 782
    },
    {
        "bookingid": 1620
    },
    {
        "bookingid": 10
    },
    {
        "bookingid": 1586
    },
    {
        "bookingid": 1219
    },
    {
        "bookingid": 561
    },
    {
        "bookingid": 925
    },
    {
        "bookingid": 1804
    },
    {
        "bookingid": 1499
    },
    {
        "bookingid": 986
    },
    {
        "bookingid": 99
    },
    {
        "bookingid": 255
    },
    {
        "bookingid": 931
    },
    {
        "bookingid": 1703
    },
    {
        "bookingid": 373
    },
    {
        "bookingid": 327
    },
    {
        "bookingid": 1704
    },
    {
        "bookingid": 247
    },
    {
        "bookingid": 698
    },
    {
        "bookingid": 1254
    },
    {
        "bookingid": 1779
    },
    {
        "bookingid": 48
    },
    {
        "bookingid": 84
    },
    {
        "bookingid": 754
    },
    {
        "bookingid": 633
    },
    {
        "bookingid": 1706
    },
    {
        "bookingid": 1329
    },
    {
        "bookingid": 771
    },
    {
        "bookingid": 740
    },
    {
        "bookingid": 350
    },
    {
        "bookingid": 1655
    },
    {
        "bookingid": 251
    },
    {
        "bookingid": 456
    },
    {
        "bookingid": 188
    },
    {
        "bookingid": 1207
    },
    {
        "bookingid": 1721
    },
    {
        "bookingid": 1188
    },
    {
        "bookingid": 1297
    },
    {
        "bookingid": 1792
    },
    {
        "bookingid": 126
    },
    {
        "bookingid": 712
    },
    {
        "bookingid": 1501
    },
    {
        "bookingid": 1541
    },
    {
        "bookingid": 1490
    },
    {
        "bookingid": 14
    },
    {
        "bookingid": 1619
    },
    {
        "bookingid": 928
    },
    {
        "bookingid": 306
    },
    {
        "bookingid": 1603
    },
    {
        "bookingid": 1227
    },
    {
        "bookingid": 1247
    },
    {
        "bookingid": 653
    },
    {
        "bookingid": 619
    },
    {
        "bookingid": 1710
    },
    {
        "bookingid": 902
    },
    {
        "bookingid": 1593
    },
    {
        "bookingid": 658
    },
    {
        "bookingid": 820
    },
    {
        "bookingid": 883
    },
    {
        "bookingid": 315
    },
    {
        "bookingid": 228
    },
    {
        "bookingid": 367
    },
    {
        "bookingid": 807
    },
    {
        "bookingid": 522
    },
    {
        "bookingid": 779
    },
    {
        "bookingid": 876
    },
    {
        "bookingid": 825
    },
    {
        "bookingid": 1740
    },
    {
        "bookingid": 1023
    },
    {
        "bookingid": 206
    },
    {
        "bookingid": 590
    },
    {
        "bookingid": 761
    },
    {
        "bookingid": 1291
    },
    {
        "bookingid": 1746
    },
    {
        "bookingid": 1345
    },
    {
        "bookingid": 52
    },
    {
        "bookingid": 1392
    },
    {
        "bookingid": 1683
    },
    {
        "bookingid": 1468
    },
    {
        "bookingid": 159
    },
    {
        "bookingid": 734
    },
    {
        "bookingid": 1810
    },
    {
        "bookingid": 468
    },
    {
        "bookingid": 855
    },
    {
        "bookingid": 444
    },
    {
        "bookingid": 773
    },
    {
        "bookingid": 552
    },
    {
        "bookingid": 1366
    },
    {
        "bookingid": 30
    },
    {
        "bookingid": 493
    },
    {
        "bookingid": 466
    },
    {
        "bookingid": 1314
    },
    {
        "bookingid": 1044
    },
    {
        "bookingid": 584
    },
    {
        "bookingid": 54
    },
    {
        "bookingid": 510
    },
    {
        "bookingid": 72
    },
    {
        "bookingid": 246
    },
    {
        "bookingid": 602
    },
    {
        "bookingid": 382
    },
    {
        "bookingid": 1643
    },
    {
        "bookingid": 1646
    },
    {
        "bookingid": 733
    },
    {
        "bookingid": 1286
    },
    {
        "bookingid": 323
    },
    {
        "bookingid": 696
    },
    {
        "bookingid": 655
    },
    {
        "bookingid": 1523
    },
    {
        "bookingid": 44
    },
    {
        "bookingid": 829
    },
    {
        "bookingid": 6
    },
    {
        "bookingid": 622
    },
    {
        "bookingid": 1263
    },
    {
        "bookingid": 1477
    },
    {
        "bookingid": 620
    },
    {
        "bookingid": 1182
    },
    {
        "bookingid": 682
    },
    {
        "bookingid": 943
    },
    {
        "bookingid": 557
    },
    {
        "bookingid": 317
    },
    {
        "bookingid": 395
    },
    {
        "bookingid": 180
    },
    {
        "bookingid": 1546
    },
    {
        "bookingid": 418
    },
    {
        "bookingid": 905
    },
    {
        "bookingid": 1120
    },
    {
        "bookingid": 378
    },
    {
        "bookingid": 613
    },
    {
        "bookingid": 146
    },
    {
        "bookingid": 1729
    },
    {
        "bookingid": 239
    },
    {
        "bookingid": 652
    },
    {
        "bookingid": 1360
    },
    {
        "bookingid": 1133
    },
    {
        "bookingid": 640
    },
    {
        "bookingid": 291
    },
    {
        "bookingid": 1224
    },
    {
        "bookingid": 463
    },
    {
        "bookingid": 1144
    },
    {
        "bookingid": 1043
    },
    {
        "bookingid": 662
    },
    {
        "bookingid": 767
    },
    {
        "bookingid": 103
    },
    {
        "bookingid": 1667
    },
    {
        "bookingid": 1326
    },
    {
        "bookingid": 1362
    },
    {
        "bookingid": 1344
    },
    {
        "bookingid": 1184
    },
    {
        "bookingid": 313
    },
    {
        "bookingid": 203
    },
    {
        "bookingid": 165
    },
    {
        "bookingid": 498
    },
    {
        "bookingid": 172
    },
    {
        "bookingid": 276
    },
    {
        "bookingid": 833
    },
    {
        "bookingid": 480
    },
    {
        "bookingid": 964
    },
    {
        "bookingid": 845
    },
    {
        "bookingid": 1719
    },
    {
        "bookingid": 266
    },
    {
        "bookingid": 1020
    },
    {
        "bookingid": 1644
    },
    {
        "bookingid": 484
    },
    {
        "bookingid": 1573
    },
    {
        "bookingid": 953
    },
    {
        "bookingid": 1118
    },
    {
        "bookingid": 37
    },
    {
        "bookingid": 542
    },
    {
        "bookingid": 921
    },
    {
        "bookingid": 545
    },
    {
        "bookingid": 270
    },
    {
        "bookingid": 1165
    },
    {
        "bookingid": 1658
    },
    {
        "bookingid": 34
    },
    {
        "bookingid": 281
    },
    {
        "bookingid": 16
    },
    {
        "bookingid": 663
    },
    {
        "bookingid": 843
    },
    {
        "bookingid": 1589
    },
    {
        "bookingid": 470
    },
    {
        "bookingid": 1514
    },
    {
        "bookingid": 1103
    },
    {
        "bookingid": 134
    },
    {
        "bookingid": 1715
    },
    {
        "bookingid": 786
    },
    {
        "bookingid": 529
    },
    {
        "bookingid": 198
    },
    {
        "bookingid": 321
    },
    {
        "bookingid": 1084
    },
    {
        "bookingid": 1682
    },
    {
        "bookingid": 1359
    },
    {
        "bookingid": 1102
    },
    {
        "bookingid": 380
    },
    {
        "bookingid": 1131
    },
    {
        "bookingid": 759
    },
    {
        "bookingid": 838
    },
    {
        "bookingid": 257
    },
    {
        "bookingid": 830
    },
    {
        "bookingid": 988
    },
    {
        "bookingid": 375
    },
    {
        "bookingid": 848
    },
    {
        "bookingid": 457
    },
    {
        "bookingid": 1555
    },
    {
        "bookingid": 1190
    },
    {
        "bookingid": 594
    },
    {
        "bookingid": 1690
    },
    {
        "bookingid": 1052
    },
    {
        "bookingid": 1035
    },
    {
        "bookingid": 285
    },
    {
        "bookingid": 1505
    },
    {
        "bookingid": 1476
    },
    {
        "bookingid": 1485
    },
    {
        "bookingid": 596
    },
    {
        "bookingid": 630
    },
    {
        "bookingid": 1661
    },
    {
        "bookingid": 1557
    },
    {
        "bookingid": 1255
    },
    {
        "bookingid": 1757
    },
    {
        "bookingid": 118
    },
    {
        "bookingid": 1594
    },
    {
        "bookingid": 1628
    },
    {
        "bookingid": 607
    },
    {
        "bookingid": 912
    },
    {
        "bookingid": 721
    },
    {
        "bookingid": 39
    },
    {
        "bookingid": 1077
    },
    {
        "bookingid": 335
    },
    {
        "bookingid": 808
    },
    {
        "bookingid": 1220
    },
    {
        "bookingid": 132
    },
    {
        "bookingid": 864
    },
    {
        "bookingid": 528
    },
    {
        "bookingid": 1339
    },
    {
        "bookingid": 62
    },
    {
        "bookingid": 809
    },
    {
        "bookingid": 213
    },
    {
        "bookingid": 1567
    },
    {
        "bookingid": 18
    },
    {
        "bookingid": 937
    },
    {
        "bookingid": 1185
    },
    {
        "bookingid": 639
    },
    {
        "bookingid": 1009
    },
    {
        "bookingid": 1171
    },
    {
        "bookingid": 778
    },
    {
        "bookingid": 555
    },
    {
        "bookingid": 309
    },
    {
        "bookingid": 388
    },
    {
        "bookingid": 1261
    },
    {
        "bookingid": 138
    },
    {
        "bookingid": 1487
    },
    {
        "bookingid": 888
    },
    {
        "bookingid": 56
    },
    {
        "bookingid": 1579
    },
    {
        "bookingid": 354
    },
    {
        "bookingid": 333
    },
    {
        "bookingid": 844
    },
    {
        "bookingid": 1663
    },
    {
        "bookingid": 324
    },
    {
        "bookingid": 1635
    },
    {
        "bookingid": 827
    },
    {
        "bookingid": 1135
    },
    {
        "bookingid": 355
    },
    {
        "bookingid": 608
    },
    {
        "bookingid": 445
    },
    {
        "bookingid": 1432
    },
    {
        "bookingid": 1139
    },
    {
        "bookingid": 248
    },
    {
        "bookingid": 431
    },
    {
        "bookingid": 1536
    },
    {
        "bookingid": 494
    },
    {
        "bookingid": 705
    },
    {
        "bookingid": 589
    },
    {
        "bookingid": 922
    },
    {
        "bookingid": 949
    },
    {
        "bookingid": 886
    },
    {
        "bookingid": 24
    },
    {
        "bookingid": 265
    },
    {
        "bookingid": 1773
    },
    {
        "bookingid": 1116
    },
    {
        "bookingid": 962
    },
    {
        "bookingid": 583
    },
    {
        "bookingid": 1780
    },
    {
        "bookingid": 60
    },
    {
        "bookingid": 603
    },
    {
        "bookingid": 1434
    },
    {
        "bookingid": 684
    },
    {
        "bookingid": 113
    },
    {
        "bookingid": 668
    },
    {
        "bookingid": 1159
    },
    {
        "bookingid": 1571
    },
    {
        "bookingid": 1018
    },
    {
        "bookingid": 789
    },
    {
        "bookingid": 1744
    },
    {
        "bookingid": 1350
    },
    {
        "bookingid": 681
    },
    {
        "bookingid": 1435
    },
    {
        "bookingid": 465
    },
    {
        "bookingid": 1588
    },
    {
        "bookingid": 1221
    },
    {
        "bookingid": 719
    },
    {
        "bookingid": 492
    },
    {
        "bookingid": 1825
    },
    {
        "bookingid": 1328
    },
    {
        "bookingid": 1800
    },
    {
        "bookingid": 1352
    },
    {
        "bookingid": 781
    },
    {
        "bookingid": 1820
    },
    {
        "bookingid": 11
    },
    {
        "bookingid": 1292
    },
    {
        "bookingid": 1026
    },
    {
        "bookingid": 831
    },
    {
        "bookingid": 1409
    },
    {
        "bookingid": 1281
    },
    {
        "bookingid": 1748
    },
    {
        "bookingid": 303
    },
    {
        "bookingid": 1631
    },
    {
        "bookingid": 1585
    },
    {
        "bookingid": 1717
    },
    {
        "bookingid": 33
    },
    {
        "bookingid": 1522
    },
    {
        "bookingid": 339
    },
    {
        "bookingid": 284
    },
    {
        "bookingid": 578
    },
    {
        "bookingid": 1787
    },
    {
        "bookingid": 316
    },
    {
        "bookingid": 871
    },
    {
        "bookingid": 1308
    },
    {
        "bookingid": 729
    },
    {
        "bookingid": 1685
    },
    {
        "bookingid": 623
    },
    {
        "bookingid": 1508
    },
    {
        "bookingid": 117
    },
    {
        "bookingid": 628
    },
    {
        "bookingid": 1100
    },
    {
        "bookingid": 1269
    },
    {
        "bookingid": 901
    },
    {
        "bookingid": 1465
    },
    {
        "bookingid": 216
    },
    {
        "bookingid": 304
    },
    {
        "bookingid": 1671
    },
    {
        "bookingid": 12
    },
    {
        "bookingid": 1237
    },
    {
        "bookingid": 923
    },
    {
        "bookingid": 121
    },
    {
        "bookingid": 372
    },
    {
        "bookingid": 1427
    },
    {
        "bookingid": 143
    },
    {
        "bookingid": 86
    },
    {
        "bookingid": 184
    },
    {
        "bookingid": 634
    },
    {
        "bookingid": 878
    },
    {
        "bookingid": 1430
    },
    {
        "bookingid": 111
    },
    {
        "bookingid": 995
    },
    {
        "bookingid": 1353
    },
    {
        "bookingid": 1377
    },
    {
        "bookingid": 322
    },
    {
        "bookingid": 935
    },
    {
        "bookingid": 688
    },
    {
        "bookingid": 361
    },
    {
        "bookingid": 960
    },
    {
        "bookingid": 59
    },
    {
        "bookingid": 147
    },
    {
        "bookingid": 77
    },
    {
        "bookingid": 508
    },
    {
        "bookingid": 1659
    },
    {
        "bookingid": 178
    },
    {
        "bookingid": 506
    },
    {
        "bookingid": 887
    },
    {
        "bookingid": 280
    },
    {
        "bookingid": 524
    },
    {
        "bookingid": 27
    },
    {
        "bookingid": 384
    },
    {
        "bookingid": 648
    },
    {
        "bookingid": 1054
    },
    {
        "bookingid": 214
    },
    {
        "bookingid": 226
    },
    {
        "bookingid": 1280
    },
    {
        "bookingid": 1680
    },
    {
        "bookingid": 409
    },
    {
        "bookingid": 1006
    },
    {
        "bookingid": 439
    },
    {
        "bookingid": 1076
    },
    {
        "bookingid": 195
    },
    {
        "bookingid": 90
    },
    {
        "bookingid": 1003
    },
    {
        "bookingid": 801
    },
    {
        "bookingid": 1488
    },
    {
        "bookingid": 1318
    },
    {
        "bookingid": 1774
    },
    {
        "bookingid": 1761
    },
    {
        "bookingid": 1656
    },
    {
        "bookingid": 1055
    },
    {
        "bookingid": 40
    },
    {
        "bookingid": 1591
    },
    {
        "bookingid": 1231
    },
    {
        "bookingid": 1127
    },
    {
        "bookingid": 732
    },
    {
        "bookingid": 419
    },
    {
        "bookingid": 1466
    },
    {
        "bookingid": 737
    },
    {
        "bookingid": 813
    },
    {
        "bookingid": 155
    },
    {
        "bookingid": 1612
    },
    {
        "bookingid": 1042
    },
    {
        "bookingid": 1123
    },
    {
        "bookingid": 837
    },
    {
        "bookingid": 981
    },
    {
        "bookingid": 28
    },
    {
        "bookingid": 278
    },
    {
        "bookingid": 471
    },
    {
        "bookingid": 615
    },
    {
        "bookingid": 573
    },
    {
        "bookingid": 1821
    },
    {
        "bookingid": 1370
    },
    {
        "bookingid": 1813
    },
    {
        "bookingid": 174
    },
    {
        "bookingid": 1674
    },
    {
        "bookingid": 2
    },
    {
        "bookingid": 1158
    },
    {
        "bookingid": 1060
    },
    {
        "bookingid": 209
    },
    {
        "bookingid": 231
    },
    {
        "bookingid": 612
    },
    {
        "bookingid": 1524
    },
    {
        "bookingid": 972
    },
    {
        "bookingid": 120
    },
    {
        "bookingid": 1089
    },
    {
        "bookingid": 115
    },
    {
        "bookingid": 890
    },
    {
        "bookingid": 1439
    },
    {
        "bookingid": 20
    },
    {
        "bookingid": 818
    },
    {
        "bookingid": 880
    },
    {
        "bookingid": 454
    },
    {
        "bookingid": 1507
    },
    {
        "bookingid": 36
    },
    {
        "bookingid": 1250
    },
    {
        "bookingid": 227
    },
    {
        "bookingid": 1373
    },
    {
        "bookingid": 1177
    },
    {
        "bookingid": 65
    },
    {
        "bookingid": 374
    },
    {
        "bookingid": 51
    },
    {
        "bookingid": 644
    },
    {
        "bookingid": 186
    },
    {
        "bookingid": 554
    },
    {
        "bookingid": 1191
    },
    {
        "bookingid": 1771
    },
    {
        "bookingid": 618
    },
    {
        "bookingid": 1666
    },
    {
        "bookingid": 290
    },
    {
        "bookingid": 839
    },
    {
        "bookingid": 903
    },
    {
        "bookingid": 1553
    },
    {
        "bookingid": 1613
    },
    {
        "bookingid": 1338
    },
    {
        "bookingid": 1217
    },
    {
        "bookingid": 45
    },
    {
        "bookingid": 1679
    },
    {
        "bookingid": 625
    },
    {
        "bookingid": 1537
    },
    {
        "bookingid": 836
    },
    {
        "bookingid": 1287
    },
    {
        "bookingid": 1325
    },
    {
        "bookingid": 1173
    },
    {
        "bookingid": 1046
    },
    {
        "bookingid": 1749
    },
    {
        "bookingid": 1365
    },
    {
        "bookingid": 851
    },
    {
        "bookingid": 426
    },
    {
        "bookingid": 1276
    },
    {
        "bookingid": 517
    },
    {
        "bookingid": 1078
    },
    {
        "bookingid": 1194
    },
    {
        "bookingid": 784
    },
    {
        "bookingid": 1770
    },
    {
        "bookingid": 811
    },
    {
        "bookingid": 649
    },
    {
        "bookingid": 1396
    },
    {
        "bookingid": 7
    },
    {
        "bookingid": 417
    },
    {
        "bookingid": 749
    },
    {
        "bookingid": 803
    },
    {
        "bookingid": 1404
    },
    {
        "bookingid": 1296
    },
    {
        "bookingid": 549
    },
    {
        "bookingid": 897
    },
    {
        "bookingid": 534
    },
    {
        "bookingid": 647
    },
    {
        "bookingid": 287
    },
    {
        "bookingid": 812
    },
    {
        "bookingid": 1592
    },
    {
        "bookingid": 1203
    },
    {
        "bookingid": 415
    },
    {
        "bookingid": 1494
    },
    {
        "bookingid": 1697
    },
    {
        "bookingid": 436
    },
    {
        "bookingid": 1058
    },
    {
        "bookingid": 1422
    },
    {
        "bookingid": 1112
    },
    {
        "bookingid": 1015
    },
    {
        "bookingid": 258
    },
    {
        "bookingid": 875
    },
    {
        "bookingid": 154
    },
    {
        "bookingid": 804
    },
    {
        "bookingid": 440
    },
    {
        "bookingid": 1654
    },
    {
        "bookingid": 190
    },
    {
        "bookingid": 1168
    },
    {
        "bookingid": 1331
    },
    {
        "bookingid": 730
    },
    {
        "bookingid": 286
    },
    {
        "bookingid": 718
    },
    {
        "bookingid": 1767
    },
    {
        "bookingid": 1264
    },
    {
        "bookingid": 965
    },
    {
        "bookingid": 1630
    },
    {
        "bookingid": 1175
    },
    {
        "bookingid": 364
    },
    {
        "bookingid": 710
    },
    {
        "bookingid": 1451
    },
    {
        "bookingid": 1406
    },
    {
        "bookingid": 474
    },
    {
        "bookingid": 1075
    },
    {
        "bookingid": 340
    },
    {
        "bookingid": 1529
    },
    {
        "bookingid": 1691
    },
    {
        "bookingid": 1542
    },
    {
        "bookingid": 1561
    },
    {
        "bookingid": 173
    },
    {
        "bookingid": 600
    },
    {
        "bookingid": 377
    },
    {
        "bookingid": 531
    },
    {
        "bookingid": 1134
    },
    {
        "bookingid": 75
    },
    {
        "bookingid": 929
    },
    {
        "bookingid": 1459
    },
    {
        "bookingid": 1371
    },
    {
        "bookingid": 297
    },
    {
        "bookingid": 1193
    },
    {
        "bookingid": 446
    },
    {
        "bookingid": 1418
    },
    {
        "bookingid": 1244
    },
    {
        "bookingid": 950
    },
    {
        "bookingid": 1260
    },
    {
        "bookingid": 743
    },
    {
        "bookingid": 1512
    },
    {
        "bookingid": 455
    },
    {
        "bookingid": 792
    },
    {
        "bookingid": 702
    },
    {
        "bookingid": 35
    },
    {
        "bookingid": 1525
    },
    {
        "bookingid": 697
    },
    {
        "bookingid": 1818
    },
    {
        "bookingid": 1303
    },
    {
        "bookingid": 310
    },
    {
        "bookingid": 1065
    },
    {
        "bookingid": 1315
    },
    {
        "bookingid": 236
    },
    {
        "bookingid": 637
    },
    {
        "bookingid": 532
    },
    {
        "bookingid": 519
    },
    {
        "bookingid": 1614
    },
    {
        "bookingid": 1423
    },
    {
        "bookingid": 224
    },
    {
        "bookingid": 1130
    },
    {
        "bookingid": 1306
    },
    {
        "bookingid": 1029
    },
    {
        "bookingid": 233
    },
    {
        "bookingid": 1304
    },
    {
        "bookingid": 1812
    },
    {
        "bookingid": 822
    },
    {
        "bookingid": 540
    },
    {
        "bookingid": 130
    },
    {
        "bookingid": 939
    },
    {
        "bookingid": 1151
    },
    {
        "bookingid": 1162
    },
    {
        "bookingid": 1723
    },
    {
        "bookingid": 1802
    },
    {
        "bookingid": 1368
    },
    {
        "bookingid": 677
    },
    {
        "bookingid": 638
    },
    {
        "bookingid": 645
    },
    {
        "bookingid": 1431
    },
    {
        "bookingid": 312
    },
    {
        "bookingid": 1274
    },
    {
        "bookingid": 1335
    },
    {
        "bookingid": 1481
    },
    {
        "bookingid": 701
    },
    {
        "bookingid": 200
    },
    {
        "bookingid": 1128
    },
    {
        "bookingid": 1492
    },
    {
        "bookingid": 225
    },
    {
        "bookingid": 1022
    },
    {
        "bookingid": 106
    },
    {
        "bookingid": 74
    },
    {
        "bookingid": 29
    },
    {
        "bookingid": 1320
    },
    {
        "bookingid": 85
    },
    {
        "bookingid": 967
    },
    {
        "bookingid": 642
    },
    {
        "bookingid": 769
    },
    {
        "bookingid": 176
    },
    {
        "bookingid": 1342
    },
    {
        "bookingid": 81
    },
    {
        "bookingid": 68
    },
    {
        "bookingid": 795
    },
    {
        "bookingid": 1819
    },
    {
        "bookingid": 1234
    },
    {
        "bookingid": 955
    },
    {
        "bookingid": 219
    },
    {
        "bookingid": 221
    },
    {
        "bookingid": 1519
    },
    {
        "bookingid": 933
    },
    {
        "bookingid": 394
    },
    {
        "bookingid": 107
    },
    {
        "bookingid": 1012
    },
    {
        "bookingid": 398
    },
    {
        "bookingid": 1236
    },
    {
        "bookingid": 368
    },
    {
        "bookingid": 4
    },
    {
        "bookingid": 502
    },
    {
        "bookingid": 1298
    },
    {
        "bookingid": 597
    },
    {
        "bookingid": 1502
    },
    {
        "bookingid": 1
    },
    {
        "bookingid": 1687
    },
    {
        "bookingid": 1399
    },
    {
        "bookingid": 1357
    },
    {
        "bookingid": 970
    },
    {
        "bookingid": 160
    },
    {
        "bookingid": 913
    },
    {
        "bookingid": 1551
    },
    {
        "bookingid": 1332
    },
    {
        "bookingid": 1816
    },
    {
        "bookingid": 93
    },
    {
        "bookingid": 874
    },
    {
        "bookingid": 1169
    },
    {
        "bookingid": 1037
    },
    {
        "bookingid": 242
    },
    {
        "bookingid": 1484
    },
    {
        "bookingid": 88
    },
    {
        "bookingid": 82
    },
    {
        "bookingid": 722
    },
    {
        "bookingid": 577
    },
    {
        "bookingid": 1381
    },
    {
        "bookingid": 544
    },
    {
        "bookingid": 987
    },
    {
        "bookingid": 919
    },
    {
        "bookingid": 1794
    },
    {
        "bookingid": 1725
    },
    {
        "bookingid": 863
    },
    {
        "bookingid": 1638
    },
    {
        "bookingid": 1113
    },
    {
        "bookingid": 881
    },
    {
        "bookingid": 351
    },
    {
        "bookingid": 1624
    },
    {
        "bookingid": 181
    },
    {
        "bookingid": 675
    },
    {
        "bookingid": 835
    },
    {
        "bookingid": 1689
    },
    {
        "bookingid": 1650
    },
    {
        "bookingid": 1138
    },
    {
        "bookingid": 1698
    },
    {
        "bookingid": 757
    },
    {
        "bookingid": 1750
    },
    {
        "bookingid": 1438
    },
    {
        "bookingid": 699
    },
    {
        "bookingid": 252
    },
    {
        "bookingid": 798
    },
    {
        "bookingid": 974
    },
    {
        "bookingid": 736
    },
    {
        "bookingid": 859
    },
    {
        "bookingid": 49
    },
    {
        "bookingid": 1016
    },
    {
        "bookingid": 703
    },
    {
        "bookingid": 747
    },
    {
        "bookingid": 1642
    },
    {
        "bookingid": 680
    },
    {
        "bookingid": 261
    },
    {
        "bookingid": 715
    },
    {
        "bookingid": 1473
    }
]
]]></system-out>
  </testcase>
  <testcase name="updateAndvalidateStatusCode[Liza, Klein, false, Souvlaki, 981, 2025-08-04, 2025-08-08](1)" classname="UpdateBookingApiTests" time="3.41">
    <system-out><![CDATA[Request method:	POST
Request URI:	https://restful-booker.herokuapp.com/booking
Proxy:			<none>
Request params:	<none>
Query params:	<none>
Form params:	<none>
Path params:	<none>
Headers:		Accept=*/*
				Content-Type=application/json
Cookies:		<none>
Multiparts:		<none>
Body:
{
    "firstname": "Liza",
    "additionalneeds": "Souvlaki",
    "bookingdates": {
        "checkin": "2025-08-04",
        "checkout": "2025-08-08"
    },
    "totalprice": 981,
    "depositpaid": false,
    "lastname": "Klein"
}
Request method:	POST
Request URI:	https://restful-booker.herokuapp.com/booking
Proxy:			<none>
Request params:	<none>
Query params:	<none>
Form params:	<none>
Path params:	<none>
Headers:		Accept=*/*
				Content-Type=application/json
Cookies:		<none>
Multiparts:		<none>
Body:
{
    "firstname": "Lyndsay",
    "additionalneeds": "Caprese Salad",
    "bookingdates": {
        "checkin": "2025-08-04",
        "checkout": "2025-08-08"
    },
    "totalprice": 457,
    "depositpaid": true,
    "lastname": "VonRueden"
}
HTTP/1.1 200 OK
Content-Length: 198
Content-Type: application/json; charset=utf-8
Date: Fri, 25 Jul 2025 08:14:20 GMT
Etag: W/"c6-DTI1w/Jox4WZ0/lbuwmpPNyPBHs"
Nel: {"report_to":"heroku-nel","response_headers":["Via"],"max_age":3600,"success_fraction":0.01,"failure_fraction":0.1}
Report-To: {"group":"heroku-nel","endpoints":[{"url":"https://nel.heroku.com/reports?s=RAbXJMp9gvGVB3pOg21fFP00g%2FfwNrnoZXDLYcqOQv8%3D\u0026sid=c46efe9b-d3d2-4a0c-8c76-bfafa16c5add\u0026ts=1753431260"}],"max_age":3600}
Reporting-Endpoints: heroku-nel="https://nel.heroku.com/reports?s=RAbXJMp9gvGVB3pOg21fFP00g%2FfwNrnoZXDLYcqOQv8%3D&sid=c46efe9b-d3d2-4a0c-8c76-bfafa16c5add&ts=1753431260"
Server: Heroku
Via: 1.1 heroku-router
X-Powered-By: Express

{
    "bookingid": 1835,
    "booking": {
        "firstname": "Liza",
        "lastname": "Klein",
        "totalprice": 981,
        "depositpaid": false,
        "bookingdates": {
            "checkin": "2025-08-04",
            "checkout": "2025-08-08"
        },
        "additionalneeds": "Souvlaki"
    }
}
HTTP/1.1 200 OK
Content-Length: 209
Content-Type: application/json; charset=utf-8
Date: Fri, 25 Jul 2025 08:14:20 GMT
Etag: W/"d1-aDwmJDB2WTXI2EPuhNCW8YX5wAE"
Nel: {"report_to":"heroku-nel","response_headers":["Via"],"max_age":3600,"success_fraction":0.01,"failure_fraction":0.1}
Report-To: {"group":"heroku-nel","endpoints":[{"url":"https://nel.heroku.com/reports?s=RAbXJMp9gvGVB3pOg21fFP00g%2FfwNrnoZXDLYcqOQv8%3D\u0026sid=c46efe9b-d3d2-4a0c-8c76-bfafa16c5add\u0026ts=1753431260"}],"max_age":3600}
Reporting-Endpoints: heroku-nel="https://nel.heroku.com/reports?s=RAbXJMp9gvGVB3pOg21fFP00g%2FfwNrnoZXDLYcqOQv8%3D&sid=c46efe9b-d3d2-4a0c-8c76-bfafa16c5add&ts=1753431260"
Server: Heroku
Via: 1.1 heroku-router
X-Powered-By: Express

{
    "bookingid": 1836,
    "booking": {
        "firstname": "Lyndsay",
        "lastname": "VonRueden",
        "totalprice": 457,
        "depositpaid": true,
        "bookingdates": {
            "checkin": "2025-08-04",
            "checkout": "2025-08-08"
        },
        "additionalneeds": "Caprese Salad"
    }
}
Body:
{
    "firstname": "Liza",
    "additionalneeds": "Souvlaki",
    "bookingdates": {
        "checkin": "2025-08-04",
        "checkout": "2025-08-08"
    },
    "totalprice": 498,
    "depositpaid": true,
    "lastname": "Wuckert"
}
Body:
{
    "firstname": "Lyndsay",
    "additionalneeds": "Caprese Salad",
    "bookingdates": {
        "checkin": "2025-08-04",
        "checkout": "2025-08-08"
    },
    "totalprice": 666,
    "depositpaid": false,
    "lastname": "Mante"
}
HTTP/1.1 200 OK
Content-Length: 177
Content-Type: application/json; charset=utf-8
Date: Fri, 25 Jul 2025 08:14:22 GMT
Etag: W/"b1-81noHD2IlfxgnUVzRRTZa7sXvrU"
Nel: {"report_to":"heroku-nel","response_headers":["Via"],"max_age":3600,"success_fraction":0.01,"failure_fraction":0.1}
Report-To: {"group":"heroku-nel","endpoints":[{"url":"https://nel.heroku.com/reports?s=gbDUJtWTA0GaqQzSYVXbgiBty%2Fn2eoshZoDEuSx6fvU%3D\u0026sid=c46efe9b-d3d2-4a0c-8c76-bfafa16c5add\u0026ts=1753431262"}],"max_age":3600}
Reporting-Endpoints: heroku-nel="https://nel.heroku.com/reports?s=gbDUJtWTA0GaqQzSYVXbgiBty%2Fn2eoshZoDEuSx6fvU%3D&sid=c46efe9b-d3d2-4a0c-8c76-bfafa16c5add&ts=1753431262"
Server: Heroku
Via: 1.1 heroku-router
X-Powered-By: Express

{
    "firstname": "Lyndsay",
    "lastname": "Mante",
    "totalprice": 666,
    "depositpaid": false,
    "bookingdates": {
        "checkin": "2025-08-04",
        "checkout": "2025-08-08"
    },
    "additionalneeds": "Caprese Salad"
}
HTTP/1.1 200 OK
Content-Length: 170
Content-Type: application/json; charset=utf-8
Date: Fri, 25 Jul 2025 08:14:22 GMT
Etag: W/"aa-chsSXcSc3+NWv8JtX7RJq1i4mlc"
Nel: {"report_to":"heroku-nel","response_headers":["Via"],"max_age":3600,"success_fraction":0.01,"failure_fraction":0.1}
Report-To: {"group":"heroku-nel","endpoints":[{"url":"https://nel.heroku.com/reports?s=gbDUJtWTA0GaqQzSYVXbgiBty%2Fn2eoshZoDEuSx6fvU%3D\u0026sid=c46efe9b-d3d2-4a0c-8c76-bfafa16c5add\u0026ts=1753431262"}],"max_age":3600}
Reporting-Endpoints: heroku-nel="https://nel.heroku.com/reports?s=gbDUJtWTA0GaqQzSYVXbgiBty%2Fn2eoshZoDEuSx6fvU%3D&sid=c46efe9b-d3d2-4a0c-8c76-bfafa16c5add&ts=1753431262"
Server: Heroku
Via: 1.1 heroku-router
X-Powered-By: Express

{
    "firstname": "Liza",
    "lastname": "Wuckert",
    "totalprice": 498,
    "depositpaid": true,
    "bookingdates": {
        "checkin": "2025-08-04",
        "checkout": "2025-08-08"
    },
    "additionalneeds": "Souvlaki"
}
Request method:	DELETE
Request URI:	https://restful-booker.herokuapp.com/booking/1835
Proxy:			<none>
Request params:	<none>
Query params:	<none>
Form params:	<none>
Path params:	bookingId=1835
Headers:		Authorization=Basic YWRtaW46cGFzc3dvcmQxMjM=
				Accept=*/*
Cookies:		<none>
Multiparts:		<none>
Body:			<none>
Request method:	DELETE
Request URI:	https://restful-booker.herokuapp.com/booking/1836
Proxy:			<none>
Request params:	<none>
Query params:	<none>
Form params:	<none>
Path params:	bookingId=1836
Headers:		Authorization=Basic YWRtaW46cGFzc3dvcmQxMjM=
				Accept=*/*
Cookies:		<none>
Multiparts:		<none>
Body:			<none>
HTTP/1.1 201 Created
Content-Length: 7
Content-Type: text/plain; charset=utf-8
Date: Fri, 25 Jul 2025 08:14:23 GMT
Etag: W/"7-rM9AyJuqT6iOan/xHh+AW+7K/T8"
Nel: {"report_to":"heroku-nel","response_headers":["Via"],"max_age":3600,"success_fraction":0.01,"failure_fraction":0.1}
Report-To: {"group":"heroku-nel","endpoints":[{"url":"https://nel.heroku.com/reports?s=ZafmzZAHM6NNuRWwElMH2oEjrbXtqNOr%2BAOmDsLL44c%3D\u0026sid=c46efe9b-d3d2-4a0c-8c76-bfafa16c5add\u0026ts=1753431263"}],"max_age":3600}
Reporting-Endpoints: heroku-nel="https://nel.heroku.com/reports?s=ZafmzZAHM6NNuRWwElMH2oEjrbXtqNOr%2BAOmDsLL44c%3D&sid=c46efe9b-d3d2-4a0c-8c76-bfafa16c5add&ts=1753431263"
Server: Heroku
Via: 1.1 heroku-router
X-Powered-By: Express

Created
]]></system-out>
  </testcase>
  <testcase name="updateAndvalidateStatusCode[Lyndsay, VonRueden, true, Caprese Salad, 457, 2025-08-04, 2025-08-08](2)" classname="UpdateBookingApiTests" time="4.46">
    <system-out><![CDATA[HTTP/1.1 201 Created
Content-Length: 7
Content-Type: text/plain; charset=utf-8
Date: Fri, 25 Jul 2025 08:14:24 GMT
Etag: W/"7-rM9AyJuqT6iOan/xHh+AW+7K/T8"
Nel: {"report_to":"heroku-nel","response_headers":["Via"],"max_age":3600,"success_fraction":0.01,"failure_fraction":0.1}
Report-To: {"group":"heroku-nel","endpoints":[{"url":"https://nel.heroku.com/reports?s=OCu9xnJXLzmXTgl3hzvD2lesGRoaqDK2LirsD0NWtF8%3D\u0026sid=c46efe9b-d3d2-4a0c-8c76-bfafa16c5add\u0026ts=1753431264"}],"max_age":3600}
Reporting-Endpoints: heroku-nel="https://nel.heroku.com/reports?s=OCu9xnJXLzmXTgl3hzvD2lesGRoaqDK2LirsD0NWtF8%3D&sid=c46efe9b-d3d2-4a0c-8c76-bfafa16c5add&ts=1753431264"
Server: Heroku
Via: 1.1 heroku-router
X-Powered-By: Express

Created
]]></system-out>
  </testcase>
</testsuite>